<?xml version="1.0" encoding="UTF-8"?>
<testsuites>
  <testsuite name="/home/vin/Projects/Simpleorm/Tests" tests="11" assertions="19" failures="0" errors="0" time="0.145991">
    <testsuite name="Tests\PdoMapperTest" file="/home/vin/Projects/Simpleorm/Tests/CollectionTest.php" namespace="Tests" fullPackage="Tests" package="Tests" tests="9" assertions="10" failures="0" errors="0" time="0.010152">
      <testcase name="testGetFirst" class="Tests\PdoMapperTest" file="/home/vin/Projects/Simpleorm/Tests/CollectionTest.php" line="49" assertions="1" time="0.004588"/>
      <testcase name="testGetLast" class="Tests\PdoMapperTest" file="/home/vin/Projects/Simpleorm/Tests/CollectionTest.php" line="57" assertions="1" time="0.000570"/>
      <testcase name="testCount" class="Tests\PdoMapperTest" file="/home/vin/Projects/Simpleorm/Tests/CollectionTest.php" line="65" assertions="1" time="0.000516"/>
      <testcase name="testGetFieldSum" class="Tests\PdoMapperTest" file="/home/vin/Projects/Simpleorm/Tests/CollectionTest.php" line="73" assertions="1" time="0.000593"/>
      <testcase name="testToArray" class="Tests\PdoMapperTest" file="/home/vin/Projects/Simpleorm/Tests/CollectionTest.php" line="81" assertions="2" time="0.000797"/>
      <testcase name="testExtractField" class="Tests\PdoMapperTest" file="/home/vin/Projects/Simpleorm/Tests/CollectionTest.php" line="90" assertions="1" time="0.000989"/>
      <testcase name="testGetPairs" class="Tests\PdoMapperTest" file="/home/vin/Projects/Simpleorm/Tests/CollectionTest.php" line="98" assertions="1" time="0.000784"/>
      <testcase name="testGetGrouppedByKeys" class="Tests\PdoMapperTest" file="/home/vin/Projects/Simpleorm/Tests/CollectionTest.php" line="106" assertions="1" time="0.000721"/>
      <testcase name="testCollectItemsByCond" class="Tests\PdoMapperTest" file="/home/vin/Projects/Simpleorm/Tests/CollectionTest.php" line="115" assertions="1" time="0.000594"/>
    </testsuite>
    <testsuite name="Tests\Mappers\BasicTest" file="/home/vin/Projects/Simpleorm/Tests/Mappers/BasicTest.php" namespace="Tests\Mappers" fullPackage="Tests.Mappers" tests="1" assertions="2" failures="0" errors="0" time="0.003072">
      <testcase name="testAnnotationMapperOk" class="Tests\Mappers\BasicTest" file="/home/vin/Projects/Simpleorm/Tests/Mappers/BasicTest.php" line="37" assertions="2" time="0.003072"/>
    </testsuite>
    <testsuite name="Tests\Mappers\PdoMapperTest" file="/home/vin/Projects/Simpleorm/Tests/Mappers/PdoMapperTest.php" namespace="Tests\Mappers" fullPackage="Tests.Mappers" tests="1" assertions="7" failures="0" errors="0" time="0.132767">
      <testcase name="testAll" class="Tests\Mappers\PdoMapperTest" file="/home/vin/Projects/Simpleorm/Tests/Mappers/PdoMapperTest.php" line="23" assertions="7" time="0.132767"/>
    </testsuite>
  </testsuite>
</testsuites>
